[ 2014-01-08T15:34:18+08:00 ] ERR: [1] Allowed memory size of 134217728 bytes exhausted (tried to allocate 82 bytes) /web/www/OHC-/ohc/ohc/ThinkPHP/Lib/Driver/Db/DbMysql.class.php 第 201 行.
[ 2014-01-08T15:43:56+08:00 ] ERR: [1] Allowed memory size of 134217728 bytes exhausted (tried to allocate 85 bytes) /web/www/OHC-/ohc/ohc/ThinkPHP/Lib/Driver/Db/DbMysql.class.php 第 201 行.
[ 2014-01-08T16:22:41+08:00 ] ERR: [1] Allowed memory size of 134217728 bytes exhausted (tried to allocate 76 bytes) /web/www/OHC-/ohc/ohc/ThinkPHP/Lib/Driver/Db/DbMysql.class.php 第 201 行.
[ 2014-01-08T16:22:43+08:00 ] ERR: [1] Allowed memory size of 134217728 bytes exhausted (tried to allocate 83 bytes) /web/www/OHC-/ohc/ohc/ThinkPHP/Lib/Driver/Db/DbMysql.class.php 第 201 行.
[ 2014-01-08T16:23:06+08:00 ] 0.0.0.0 /OHC-/ohc/ohc/?g=Crontab&m=crontab&a=crontabdoctor
INFO: [ app_begin ] --START--
INFO: Run ReadHtmlCache Behavior [ RunTime:0.000269s ]
INFO: Run CheckLang Behavior [ RunTime:0.000403s ]
INFO: [ app_begin ] --END-- [ RunTime:0.000786s ]
NOTIC: [8] Undefined index: _URL_ /web/www/OHC-/ohc/ohc/ThinkPHP/Lib/Core/Action.class.php 第 85 行.

[ 2014-01-08T16:24:24+08:00 ] 0.0.0.0 /OHC-/ohc/ohc/?g=Crontab&m=crontab&a=crontabdoctor
INFO: [ app_begin ] --START--
INFO: Run ReadHtmlCache Behavior [ RunTime:0.000715s ]
INFO: Run CheckLang Behavior [ RunTime:0.001009s ]
INFO: [ app_begin ] --END-- [ RunTime:0.001884s ]
NOTIC: [8] Undefined index: _URL_ /web/www/OHC-/ohc/ohc/ThinkPHP/Lib/Core/Action.class.php 第 85 行.
SQL: SHOW COLUMNS FROM `ohc_doctor` [ RunTime:0.003141s ]
SQL: SELECT COUNT(*) AS tp_count FROM `ohc_doctor` LIMIT 1   [ RunTime:0.007483s ]

[ 2014-01-08T16:24:38+08:00 ] 0.0.0.0 /OHC-/ohc/ohc/?g=Crontab&m=crontab&a=crontabdoctor
INFO: [ app_begin ] --START--
INFO: Run ReadHtmlCache Behavior [ RunTime:0.000434s ]
INFO: Run CheckLang Behavior [ RunTime:0.000362s ]
INFO: [ app_begin ] --END-- [ RunTime:0.000911s ]
NOTIC: [8] Undefined index: _URL_ /web/www/OHC-/ohc/ohc/ThinkPHP/Lib/Core/Action.class.php 第 85 行.
SQL: SHOW COLUMNS FROM `ohc_doctor` [ RunTime:0.008610s ]
SQL: SELECT COUNT(*) AS tp_count FROM `ohc_doctor` LIMIT 1   [ RunTime:0.000250s ]

[ 2014-01-08T16:24:55+08:00 ] 0.0.0.0 /OHC-/ohc/ohc/?g=Crontab&m=crontab&a=crontabdoctor
INFO: [ app_begin ] --START--
INFO: Run ReadHtmlCache Behavior [ RunTime:0.000279s ]
INFO: Run CheckLang Behavior [ RunTime:0.000407s ]
INFO: [ app_begin ] --END-- [ RunTime:0.000801s ]
NOTIC: [8] Undefined index: _URL_ /web/www/OHC-/ohc/ohc/ThinkPHP/Lib/Core/Action.class.php 第 85 行.
SQL: SHOW COLUMNS FROM `ohc_doctor` [ RunTime:0.008421s ]
SQL: SELECT COUNT(*) AS tp_count FROM `ohc_doctor` LIMIT 1   [ RunTime:0.000192s ]

[ 2014-01-08T16:24:56+08:00 ] 0.0.0.0 /OHC-/ohc/ohc/?g=Crontab&m=crontab&a=crontabdoctor
INFO: [ app_begin ] --START--
INFO: Run ReadHtmlCache Behavior [ RunTime:0.000214s ]
INFO: Run CheckLang Behavior [ RunTime:0.000277s ]
INFO: [ app_begin ] --END-- [ RunTime:0.000550s ]
NOTIC: [8] Undefined index: _URL_ /web/www/OHC-/ohc/ohc/ThinkPHP/Lib/Core/Action.class.php 第 85 行.
SQL: SHOW COLUMNS FROM `ohc_doctor` [ RunTime:0.008822s ]
SQL: SELECT COUNT(*) AS tp_count FROM `ohc_doctor` LIMIT 1   [ RunTime:0.000344s ]

[ 2014-01-08T16:28:32+08:00 ] 0.0.0.0 /OHC-/ohc/ohc/?g=Crontab&m=crontab&a=crontabdoctor
INFO: [ app_begin ] --START--
INFO: Run ReadHtmlCache Behavior [ RunTime:0.000417s ]
INFO: Run CheckLang Behavior [ RunTime:0.000426s ]
INFO: [ app_begin ] --END-- [ RunTime:0.001009s ]
NOTIC: [8] Undefined index: _URL_ /web/www/OHC-/ohc/ohc/ThinkPHP/Lib/Core/Action.class.php 第 85 行.
SQL: SHOW COLUMNS FROM `ohc_doctor` [ RunTime:0.001772s ]
SQL: SELECT COUNT(*) AS tp_count FROM `ohc_doctor` LIMIT 1   [ RunTime:0.000228s ]

[ 2014-01-08T16:28:33+08:00 ] 0.0.0.0 /OHC-/ohc/ohc/?g=Crontab&m=crontab&a=crontabdoctor
INFO: [ app_begin ] --START--
INFO: Run ReadHtmlCache Behavior [ RunTime:0.000212s ]
INFO: Run CheckLang Behavior [ RunTime:0.000276s ]
INFO: [ app_begin ] --END-- [ RunTime:0.000545s ]
NOTIC: [8] Undefined index: _URL_ /web/www/OHC-/ohc/ohc/ThinkPHP/Lib/Core/Action.class.php 第 85 行.
SQL: SHOW COLUMNS FROM `ohc_doctor` [ RunTime:0.008422s ]
SQL: SELECT COUNT(*) AS tp_count FROM `ohc_doctor` LIMIT 1   [ RunTime:0.000189s ]

[ 2014-01-08T16:28:40+08:00 ] 0.0.0.0 /OHC-/ohc/ohc/?g=Crontab&m=crontab&a=crontabdoctor
INFO: [ app_begin ] --START--
INFO: Run ReadHtmlCache Behavior [ RunTime:0.000241s ]
INFO: Run CheckLang Behavior [ RunTime:0.000288s ]
INFO: [ app_begin ] --END-- [ RunTime:0.000585s ]
NOTIC: [8] Undefined index: _URL_ /web/www/OHC-/ohc/ohc/ThinkPHP/Lib/Core/Action.class.php 第 85 行.
SQL: SHOW COLUMNS FROM `ohc_doctor` [ RunTime:0.008150s ]
SQL: SELECT COUNT(*) AS tp_count FROM `ohc_doctor` LIMIT 1   [ RunTime:0.000227s ]

