[ 2014-01-06T17:08:52+08:00 ] 0.0.0.0 /OHC-/ohc/ohc/
INFO: [ app_begin ] --START--
INFO: Run ReadHtmlCache Behavior [ RunTime:0.000321s ]
INFO: Run CheckLang Behavior [ RunTime:0.000356s ]
INFO: [ app_begin ] --END-- [ RunTime:0.000797s ]
NOTIC: [8] Undefined index: page /web/www/OHC-/ohc/ohc/Lib/Action/Home/IndexAction.class.php 第 88 行.
NOTIC: [8] Undefined index: _URL_ /web/www/OHC-/ohc/ohc/ThinkPHP/Lib/Core/Action.class.php 第 85 行.
INFO: [ view_template ] --START--
INFO: Run LocationTemplate Behavior [ RunTime:0.000175s ]
INFO: [ view_template ] --END-- [ RunTime:0.000212s ]
INFO: [ view_parse ] --START--
NOTIC: [8] Undefined index: user_id /web/www/OHC-/ohc/ohc/Runtime/Cache/Home/d8279eadcf198a6a7769d21fee513277.php 第 75 行.
NOTIC: [8] Undefined index: user_id /web/www/OHC-/ohc/ohc/Runtime/Cache/Home/d8279eadcf198a6a7769d21fee513277.php 第 86 行.
NOTIC: [8] Undefined index: user_id /web/www/OHC-/ohc/ohc/Runtime/Cache/Home/d8279eadcf198a6a7769d21fee513277.php 第 103 行.
NOTIC: [8] Undefined index: user_id /web/www/OHC-/ohc/ohc/Runtime/Cache/Home/d8279eadcf198a6a7769d21fee513277.php 第 119 行.
NOTIC: [8] Undefined variable: search_contion /web/www/OHC-/ohc/ohc/Runtime/Cache/Home/d8279eadcf198a6a7769d21fee513277.php 第 151 行.
NOTIC: [8] Undefined variable: search_contion /web/www/OHC-/ohc/ohc/Runtime/Cache/Home/d8279eadcf198a6a7769d21fee513277.php 第 152 行.
NOTIC: [8] Undefined variable: user_name /web/www/OHC-/ohc/ohc/Runtime/Cache/Home/d8279eadcf198a6a7769d21fee513277.php 第 270 行.
NOTIC: [8] Undefined variable: reviewCount /web/www/OHC-/ohc/ohc/Runtime/Cache/Home/d8279eadcf198a6a7769d21fee513277.php 第 271 行.
NOTIC: [8] Undefined variable: doctor_review /web/www/OHC-/ohc/ohc/Runtime/Cache/Home/d8279eadcf198a6a7769d21fee513277.php 第 280 行.
NOTIC: [8] Undefined variable: doctor_review /web/www/OHC-/ohc/ohc/Runtime/Cache/Home/d8279eadcf198a6a7769d21fee513277.php 第 283 行.
NOTIC: [8] Undefined variable: review_page /web/www/OHC-/ohc/ohc/Runtime/Cache/Home/d8279eadcf198a6a7769d21fee513277.php 第 287 行.
NOTIC: [8] Undefined variable: forum_data /web/www/OHC-/ohc/ohc/Runtime/Cache/Home/d8279eadcf198a6a7769d21fee513277.php 第 295 行.
NOTIC: [8] Undefined variable: forum_page /web/www/OHC-/ohc/ohc/Runtime/Cache/Home/d8279eadcf198a6a7769d21fee513277.php 第 309 行.
INFO: Run ParseTemplate Behavior [ RunTime:0.017967s ]
INFO: [ view_parse ] --END-- [ RunTime:0.018041s ]
INFO: [ view_filter ] --START--
INFO: Run ContentReplace Behavior [ RunTime:0.005964s ]
INFO: Run TokenBuild Behavior [ RunTime:0.000717s ]
INFO: Run WriteHtmlCache Behavior [ RunTime:0.000502s ]
INFO: Run ShowRuntime Behavior [ RunTime:0.000648s ]
INFO: [ view_filter ] --END-- [ RunTime:0.008017s ]
INFO: [ view_end ] --START--
INFO: Run ShowPageTrace Behavior [ RunTime:0.001049s ]
INFO: [ view_end ] --END-- [ RunTime:0.001137s ]

