[ 2014-01-09T14:18:57+08:00 ] 0.0.0.0 /OHC-/ohc/ohc/
INFO: [ app_begin ] --START--
INFO: Run ReadHtmlCache Behavior [ RunTime:0.000849s ]
INFO: Run CheckLang Behavior [ RunTime:0.003085s ]
INFO: [ app_begin ] --END-- [ RunTime:0.006460s ]
NOTIC: [8] Undefined index: page /web/www/OHC-/ohc/ohc/Lib/Action/Home/IndexAction.class.php 第 88 行.
NOTIC: [8] Undefined index: _URL_ /web/www/OHC-/ohc/ohc/ThinkPHP/Lib/Core/Action.class.php 第 85 行.
INFO: [ view_template ] --START--
INFO: Run LocationTemplate Behavior [ RunTime:0.000621s ]
INFO: [ view_template ] --END-- [ RunTime:0.000686s ]
INFO: [ view_parse ] --START--
NOTIC: [8] Undefined index: user_id /web/www/OHC-/ohc/ohc/Runtime/Cache/Home/d8279eadcf198a6a7769d21fee513277.php 第 75 行.
NOTIC: [8] Undefined index: user_id /web/www/OHC-/ohc/ohc/Runtime/Cache/Home/d8279eadcf198a6a7769d21fee513277.php 第 86 行.
NOTIC: [8] Undefined index: user_id /web/www/OHC-/ohc/ohc/Runtime/Cache/Home/d8279eadcf198a6a7769d21fee513277.php 第 103 行.
NOTIC: [8] Undefined index: user_id /web/www/OHC-/ohc/ohc/Runtime/Cache/Home/d8279eadcf198a6a7769d21fee513277.php 第 119 行.
NOTIC: [8] Undefined variable: search_contion /web/www/OHC-/ohc/ohc/Runtime/Cache/Home/d8279eadcf198a6a7769d21fee513277.php 第 151 行.
NOTIC: [8] Undefined variable: search_contion /web/www/OHC-/ohc/ohc/Runtime/Cache/Home/d8279eadcf198a6a7769d21fee513277.php 第 152 行.
NOTIC: [8] Undefined variable: user_name /web/www/OHC-/ohc/ohc/Runtime/Cache/Home/d8279eadcf198a6a7769d21fee513277.php 第 270 行.
NOTIC: [8] Undefined variable: reviewCount /web/www/OHC-/ohc/ohc/Runtime/Cache/Home/d8279eadcf198a6a7769d21fee513277.php 第 271 行.
NOTIC: [8] Undefined variable: doctor_review /web/www/OHC-/ohc/ohc/Runtime/Cache/Home/d8279eadcf198a6a7769d21fee513277.php 第 280 行.
NOTIC: [8] Undefined variable: doctor_review /web/www/OHC-/ohc/ohc/Runtime/Cache/Home/d8279eadcf198a6a7769d21fee513277.php 第 283 行.
NOTIC: [8] Undefined variable: review_page /web/www/OHC-/ohc/ohc/Runtime/Cache/Home/d8279eadcf198a6a7769d21fee513277.php 第 287 行.
NOTIC: [8] Undefined variable: forum_data /web/www/OHC-/ohc/ohc/Runtime/Cache/Home/d8279eadcf198a6a7769d21fee513277.php 第 295 行.
NOTIC: [8] Undefined variable: forum_page /web/www/OHC-/ohc/ohc/Runtime/Cache/Home/d8279eadcf198a6a7769d21fee513277.php 第 309 行.
INFO: Run ParseTemplate Behavior [ RunTime:0.017418s ]
INFO: [ view_parse ] --END-- [ RunTime:0.017453s ]
INFO: [ view_filter ] --START--
INFO: Run ContentReplace Behavior [ RunTime:0.000462s ]
INFO: Run TokenBuild Behavior [ RunTime:0.000483s ]
INFO: Run WriteHtmlCache Behavior [ RunTime:0.000491s ]
INFO: Run ShowRuntime Behavior [ RunTime:0.000525s ]
INFO: [ view_filter ] --END-- [ RunTime:0.002085s ]
INFO: [ view_end ] --START--
INFO: Run ShowPageTrace Behavior [ RunTime:0.000613s ]
INFO: [ view_end ] --END-- [ RunTime:0.000662s ]

[ 2014-01-09T14:20:03+08:00 ] ERR: (ThinkException) Operation timed out
[ 2014-01-09T14:22:15+08:00 ] ERR: (ThinkException) Connection refused
[ 2014-01-09T14:32:57+08:00 ] 0.0.0.0 /OHC-/ohc/ohc/?g=Medical&m=index&a=search
INFO: [ app_begin ] --START--
INFO: Run ReadHtmlCache Behavior [ RunTime:0.000231s ]
INFO: Run CheckLang Behavior [ RunTime:0.000306s ]
INFO: [ app_begin ] --END-- [ RunTime:0.000601s ]
NOTIC: [8] Undefined index: user_id /web/www/OHC-/ohc/ohc/ThinkPHP/Lib/Core/Action.class.php 第 514 行.
NOTIC: [8] Undefined index: back /web/www/OHC-/ohc/ohc/Lib/Action/Medical/indexAction.class.php 第 11 行.
SQL: SHOW COLUMNS FROM `ohc_doctor` [ RunTime:0.014582s ]
SQL: (SELECT review_number,doctor_id,doctor_gender,doctor_frist_name,doctor_middle_name,doctor_last_name,street_city,street_state,street_zip,specialty,specialty2,title FROM ohc_doctor where doctor_frist_name = "richard") UNION ALL (SELECT review_number,doctor_id,doctor_gender,doctor_frist_name,doctor_middle_name,doctor_last_name,street_city,street_state,street_zip,specialty,specialty2,title FROM ohc_doctor where doctor_last_name = "richard") ORDER BY review_number DESC [ RunTime:0.184090s ]
SQL: SHOW COLUMNS FROM `ohc_review` [ RunTime:0.014449s ]
NOTIC: [8] Undefined index: sort_type /web/www/OHC-/ohc/ohc/Lib/Model/DoctorModel.class.php 第 199 行.
NOTIC: [8] Undefined index: sort_type /web/www/OHC-/ohc/ohc/Lib/Model/DoctorModel.class.php 第 199 行.
SQL: SHOW COLUMNS FROM `ohc_doctor_review` [ RunTime:0.004751s ]
SQL: SELECT * FROM `ohc_doctor_review` WHERE ( doctor_id =69960 ) LIMIT 1   [ RunTime:0.001757s ]
SQL: SELECT * FROM `ohc_doctor_review` WHERE ( doctor_id =70111 ) LIMIT 1   [ RunTime:0.000341s ]
SQL: SELECT * FROM `ohc_doctor_review` WHERE ( doctor_id =115335 ) LIMIT 1   [ RunTime:0.000269s ]
SQL: SELECT * FROM `ohc_doctor_review` WHERE ( doctor_id =103954 ) LIMIT 1   [ RunTime:0.000275s ]
SQL: SELECT * FROM `ohc_doctor_review` WHERE ( doctor_id =98463 ) LIMIT 1   [ RunTime:0.000240s ]
SQL: SELECT * FROM `ohc_doctor_review` WHERE ( doctor_id =125548 ) LIMIT 1   [ RunTime:0.000175s ]
SQL: SELECT * FROM `ohc_doctor_review` WHERE ( doctor_id =82128 ) LIMIT 1   [ RunTime:0.000217s ]
SQL: SELECT * FROM `ohc_doctor_review` WHERE ( doctor_id =109300 ) LIMIT 1   [ RunTime:0.000198s ]
SQL: SELECT * FROM `ohc_doctor_review` WHERE ( doctor_id =93387 ) LIMIT 1   [ RunTime:0.000162s ]
SQL: SELECT * FROM `ohc_doctor_review` WHERE ( doctor_id =76776 ) LIMIT 1   [ RunTime:0.000162s ]
SQL: SELECT * FROM `ohc_doctor_review` WHERE ( doctor_id =123744 ) LIMIT 1   [ RunTime:0.000187s ]
SQL: SELECT * FROM `ohc_doctor_review` WHERE ( doctor_id =87379 ) LIMIT 1   [ RunTime:0.000217s ]
SQL: SELECT * FROM `ohc_doctor_review` WHERE ( doctor_id =71050 ) LIMIT 1   [ RunTime:0.000203s ]
SQL: SELECT * FROM `ohc_doctor_review` WHERE ( doctor_id =118467 ) LIMIT 1   [ RunTime:0.000189s ]
SQL: SELECT * FROM `ohc_doctor_review` WHERE ( doctor_id =106996 ) LIMIT 1   [ RunTime:0.000201s ]
NOTIC: [8] Undefined variable: url /web/www/OHC-/ohc/ohc/ThinkPHP/Lib/Core/Action.class.php 第 280 行.
NOTIC: [8] Undefined index: back /web/www/OHC-/ohc/ohc/Lib/Action/Medical/indexAction.class.php 第 34 行.
NOTIC: [8] Undefined index: _URL_ /web/www/OHC-/ohc/ohc/ThinkPHP/Lib/Core/Action.class.php 第 85 行.
INFO: [ view_template ] --START--
INFO: Run LocationTemplate Behavior [ RunTime:0.000236s ]
INFO: [ view_template ] --END-- [ RunTime:0.000270s ]
INFO: [ view_parse ] --START--
NOTIC: [8] Undefined index: user_id /web/www/OHC-/ohc/ohc/Runtime/Cache/Medical/5b8dfe6dcb85f9d5bc2c420b2d033d91.php 第 105 行.
NOTIC: [8] Undefined index: user_id /web/www/OHC-/ohc/ohc/Runtime/Cache/Medical/5b8dfe6dcb85f9d5bc2c420b2d033d91.php 第 116 行.
NOTIC: [8] Undefined index: user_id /web/www/OHC-/ohc/ohc/Runtime/Cache/Medical/5b8dfe6dcb85f9d5bc2c420b2d033d91.php 第 133 行.
NOTIC: [8] Undefined index: user_id /web/www/OHC-/ohc/ohc/Runtime/Cache/Medical/5b8dfe6dcb85f9d5bc2c420b2d033d91.php 第 149 行.
NOTIC: [8] Undefined variable: doctor_info /web/www/OHC-/ohc/ohc/Runtime/Cache/Medical/5b8dfe6dcb85f9d5bc2c420b2d033d91.php 第 188 行.
NOTIC: [8] Undefined index: doctor_info /web/www/OHC-/ohc/ohc/Runtime/Cache/Medical/5b8dfe6dcb85f9d5bc2c420b2d033d91.php 第 318 行.
NOTIC: [8] Undefined index: doctor_info /web/www/OHC-/ohc/ohc/Runtime/Cache/Medical/5b8dfe6dcb85f9d5bc2c420b2d033d91.php 第 318 行.
NOTIC: [8] Undefined index: doctor_info /web/www/OHC-/ohc/ohc/Runtime/Cache/Medical/5b8dfe6dcb85f9d5bc2c420b2d033d91.php 第 318 行.
INFO: Run ParseTemplate Behavior [ RunTime:0.014539s ]
INFO: [ view_parse ] --END-- [ RunTime:0.014578s ]
INFO: [ view_filter ] --START--
INFO: Run ContentReplace Behavior [ RunTime:0.000303s ]
INFO: Run TokenBuild Behavior [ RunTime:0.000180s ]
INFO: Run WriteHtmlCache Behavior [ RunTime:0.000098s ]
INFO: Run ShowRuntime Behavior [ RunTime:0.000205s ]
INFO: [ view_filter ] --END-- [ RunTime:0.000862s ]
INFO: [ view_end ] --START--
INFO: Run ShowPageTrace Behavior [ RunTime:0.000306s ]
INFO: [ view_end ] --END-- [ RunTime:0.000335s ]

