[ 2014-04-21T15:49:56+08:00 ] 0.0.0.0 /OHC-/ohc/ohc/
INFO: [ app_begin ] --START--
INFO: Run ReadHtmlCache Behavior [ RunTime:0.001665s ]
INFO: Run CheckLang Behavior [ RunTime:0.001322s ]
INFO: [ app_begin ] --END-- [ RunTime:0.004383s ]
NOTIC: [8] Undefined index: page /web/www/OHC-/ohc/ohc/Lib/Action/Home/IndexAction.class.php 第 88 行.
NOTIC: [8] Undefined variable: HTTP_SERVER_VARS /web/www/OHC-/ohc/ohc/ThinkPHP/Lib/Core/Action.class.php 第 1011 行.
NOTIC: [8] Undefined variable: HTTP_SERVER_VARS /web/www/OHC-/ohc/ohc/ThinkPHP/Lib/Core/Action.class.php 第 1013 行.
NOTIC: [8] Undefined variable: HTTP_SERVER_VARS /web/www/OHC-/ohc/ohc/ThinkPHP/Lib/Core/Action.class.php 第 1015 行.
SQL: SHOW COLUMNS FROM `ohc_page_visit` [ RunTime:0.064814s ]
SQL: SHOW COLUMNS FROM `ohc_page_name` [ RunTime:0.031235s ]
SQL: SELECT * FROM `ohc_page_name` WHERE ( page_name like "Home/Index/index" ) LIMIT 1   [ RunTime:0.002764s ]
SQL: INSERT INTO `ohc_page_visit` (`ip`,`visit`,`visit_time`,`ctime`,`page_name`) VALUES ('::1','Home/Index/index','2014-04-21 15:49:56',1398066596,'首页') [ RunTime:0.004655s ]
NOTIC: [8] Undefined index: _URL_ /web/www/OHC-/ohc/ohc/ThinkPHP/Lib/Core/Action.class.php 第 89 行.
INFO: [ view_template ] --START--
INFO: Run LocationTemplate Behavior [ RunTime:0.001837s ]
INFO: [ view_template ] --END-- [ RunTime:0.003303s ]
INFO: [ view_parse ] --START--
NOTIC: [8] Undefined index: user_id /web/www/OHC-/ohc/ohc/Runtime/Cache/Home/d8279eadcf198a6a7769d21fee513277.php 第 75 行.
NOTIC: [8] Undefined index: user_id /web/www/OHC-/ohc/ohc/Runtime/Cache/Home/d8279eadcf198a6a7769d21fee513277.php 第 86 行.
NOTIC: [8] Undefined index: user_id /web/www/OHC-/ohc/ohc/Runtime/Cache/Home/d8279eadcf198a6a7769d21fee513277.php 第 103 行.
NOTIC: [8] Undefined index: user_id /web/www/OHC-/ohc/ohc/Runtime/Cache/Home/d8279eadcf198a6a7769d21fee513277.php 第 119 行.
NOTIC: [8] Undefined variable: search_contion /web/www/OHC-/ohc/ohc/Runtime/Cache/Home/d8279eadcf198a6a7769d21fee513277.php 第 151 行.
NOTIC: [8] Undefined variable: search_contion /web/www/OHC-/ohc/ohc/Runtime/Cache/Home/d8279eadcf198a6a7769d21fee513277.php 第 152 行.
NOTIC: [8] Undefined variable: user_name /web/www/OHC-/ohc/ohc/Runtime/Cache/Home/d8279eadcf198a6a7769d21fee513277.php 第 270 行.
NOTIC: [8] Undefined variable: reviewCount /web/www/OHC-/ohc/ohc/Runtime/Cache/Home/d8279eadcf198a6a7769d21fee513277.php 第 271 行.
NOTIC: [8] Undefined variable: doctor_review /web/www/OHC-/ohc/ohc/Runtime/Cache/Home/d8279eadcf198a6a7769d21fee513277.php 第 280 行.
NOTIC: [8] Undefined variable: doctor_review /web/www/OHC-/ohc/ohc/Runtime/Cache/Home/d8279eadcf198a6a7769d21fee513277.php 第 283 行.
NOTIC: [8] Undefined variable: review_page /web/www/OHC-/ohc/ohc/Runtime/Cache/Home/d8279eadcf198a6a7769d21fee513277.php 第 287 行.
NOTIC: [8] Undefined variable: forum_data /web/www/OHC-/ohc/ohc/Runtime/Cache/Home/d8279eadcf198a6a7769d21fee513277.php 第 295 行.
NOTIC: [8] Undefined variable: forum_page /web/www/OHC-/ohc/ohc/Runtime/Cache/Home/d8279eadcf198a6a7769d21fee513277.php 第 309 行.
INFO: Run ParseTemplate Behavior [ RunTime:0.156577s ]
INFO: [ view_parse ] --END-- [ RunTime:0.157810s ]
INFO: [ view_filter ] --START--
INFO: Run ContentReplace Behavior [ RunTime:0.001392s ]
INFO: Run TokenBuild Behavior [ RunTime:0.001469s ]
INFO: Run WriteHtmlCache Behavior [ RunTime:0.000554s ]
INFO: Run ShowRuntime Behavior [ RunTime:0.001935s ]
INFO: [ view_filter ] --END-- [ RunTime:0.007424s ]
INFO: [ view_end ] --START--
INFO: Run ShowPageTrace Behavior [ RunTime:0.002061s ]
INFO: [ view_end ] --END-- [ RunTime:0.003225s ]

